2024-12-24 06:48:23,085 INFO:Launched C:\Users\anees\OneDrive\Desktop\Code\simple-HW-monitor\OpenHardwareMonitor\OpenHardwareMonitor.exe with PID 4588
2024-12-24 06:48:23,088 DEBUG:Starting new HTTP connection (1): localhost:8085
2024-12-24 06:48:24,616 DEBUG:http://localhost:8085 "GET /data.json HTTP/1.1" 200 12384
2024-12-24 06:48:24,624 DEBUG:Importing BlpImagePlugin
2024-12-24 06:48:24,625 DEBUG:Importing BmpImagePlugin
2024-12-24 06:48:24,625 DEBUG:Importing BufrStubImagePlugin
2024-12-24 06:48:24,625 DEBUG:Importing CurImagePlugin
2024-12-24 06:48:24,625 DEBUG:Importing DcxImagePlugin
2024-12-24 06:48:24,627 DEBUG:Importing DdsImagePlugin
2024-12-24 06:48:24,629 DEBUG:Importing EpsImagePlugin
2024-12-24 06:48:24,630 DEBUG:Importing FitsImagePlugin
2024-12-24 06:48:24,631 DEBUG:Importing FliImagePlugin
2024-12-24 06:48:24,631 DEBUG:Importing FpxImagePlugin
2024-12-24 06:48:24,631 DEBUG:Image: failed to import FpxImagePlugin: No module named 'olefile'
2024-12-24 06:48:24,631 DEBUG:Importing FtexImagePlugin
2024-12-24 06:48:24,633 DEBUG:Importing GbrImagePlugin
2024-12-24 06:48:24,633 DEBUG:Importing GifImagePlugin
2024-12-24 06:48:24,633 DEBUG:Importing GribStubImagePlugin
2024-12-24 06:48:24,634 DEBUG:Importing Hdf5StubImagePlugin
2024-12-24 06:48:24,634 DEBUG:Importing IcnsImagePlugin
2024-12-24 06:48:24,635 DEBUG:Importing IcoImagePlugin
2024-12-24 06:48:24,635 DEBUG:Importing ImImagePlugin
2024-12-24 06:48:24,635 DEBUG:Importing ImtImagePlugin
2024-12-24 06:48:24,636 DEBUG:Importing IptcImagePlugin
2024-12-24 06:48:24,636 DEBUG:Importing JpegImagePlugin
2024-12-24 06:48:24,636 DEBUG:Importing Jpeg2KImagePlugin
2024-12-24 06:48:24,636 DEBUG:Importing McIdasImagePlugin
2024-12-24 06:48:24,636 DEBUG:Importing MicImagePlugin
2024-12-24 06:48:24,637 DEBUG:Image: failed to import MicImagePlugin: No module named 'olefile'
2024-12-24 06:48:24,637 DEBUG:Importing MpegImagePlugin
2024-12-24 06:48:24,637 DEBUG:Importing MpoImagePlugin
2024-12-24 06:48:24,641 DEBUG:Importing MspImagePlugin
2024-12-24 06:48:24,642 DEBUG:Importing PalmImagePlugin
2024-12-24 06:48:24,642 DEBUG:Importing PcdImagePlugin
2024-12-24 06:48:24,643 DEBUG:Importing PcxImagePlugin
2024-12-24 06:48:24,643 DEBUG:Importing PdfImagePlugin
2024-12-24 06:48:24,645 DEBUG:Importing PixarImagePlugin
2024-12-24 06:48:24,646 DEBUG:Importing PngImagePlugin
2024-12-24 06:48:24,646 DEBUG:Importing PpmImagePlugin
2024-12-24 06:48:24,646 DEBUG:Importing PsdImagePlugin
2024-12-24 06:48:24,646 DEBUG:Importing QoiImagePlugin
2024-12-24 06:48:24,646 DEBUG:Importing SgiImagePlugin
2024-12-24 06:48:24,646 DEBUG:Importing SpiderImagePlugin
2024-12-24 06:48:24,648 DEBUG:Importing SunImagePlugin
2024-12-24 06:48:24,648 DEBUG:Importing TgaImagePlugin
2024-12-24 06:48:24,648 DEBUG:Importing TiffImagePlugin
2024-12-24 06:48:24,648 DEBUG:Importing WebPImagePlugin
2024-12-24 06:48:24,649 DEBUG:Importing WmfImagePlugin
2024-12-24 06:48:24,650 DEBUG:Importing XbmImagePlugin
2024-12-24 06:48:24,650 DEBUG:Importing XpmImagePlugin
2024-12-24 06:48:24,650 DEBUG:Importing XVThumbImagePlugin
2024-12-24 06:48:27,128 DEBUG:Starting new HTTP connection (1): localhost:8085
2024-12-24 06:48:27,129 DEBUG:http://localhost:8085 "GET /data.json HTTP/1.1" 200 12378
2024-12-24 06:48:29,630 DEBUG:Starting new HTTP connection (1): localhost:8085
2024-12-24 06:48:29,632 DEBUG:http://localhost:8085 "GET /data.json HTTP/1.1" 200 12378
2024-12-24 06:48:30,472 INFO:Exiting application via system tray.
2024-12-24 06:48:30,478 INFO:Cleaning up: Terminating OpenHardwareMonitor.exe
2024-12-24 06:48:30,478 ERROR:Error terminating process 4588: (pid=4588)
2024-12-24 06:48:30,478 INFO:Removed lock file.
2024-12-24 06:52:24,850 INFO:Launched C:\Users\anees\OneDrive\Desktop\Code\simple-HW-monitor\OpenHardwareMonitor\OpenHardwareMonitor.exe with PID 39700
2024-12-24 06:52:24,853 DEBUG:Starting new HTTP connection (1): localhost:8085
2024-12-24 06:52:25,885 DEBUG:http://localhost:8085 "GET /data.json HTTP/1.1" 200 9697
2024-12-24 06:52:25,893 DEBUG:Importing BlpImagePlugin
2024-12-24 06:52:25,894 DEBUG:Importing BmpImagePlugin
2024-12-24 06:52:25,894 DEBUG:Importing BufrStubImagePlugin
2024-12-24 06:52:25,894 DEBUG:Importing CurImagePlugin
2024-12-24 06:52:25,894 DEBUG:Importing DcxImagePlugin
2024-12-24 06:52:25,895 DEBUG:Importing DdsImagePlugin
2024-12-24 06:52:25,896 DEBUG:Importing EpsImagePlugin
2024-12-24 06:52:25,897 DEBUG:Importing FitsImagePlugin
2024-12-24 06:52:25,898 DEBUG:Importing FliImagePlugin
2024-12-24 06:52:25,898 DEBUG:Importing FpxImagePlugin
2024-12-24 06:52:25,899 DEBUG:Image: failed to import FpxImagePlugin: No module named 'olefile'
2024-12-24 06:52:25,899 DEBUG:Importing FtexImagePlugin
2024-12-24 06:52:25,899 DEBUG:Importing GbrImagePlugin
2024-12-24 06:52:25,899 DEBUG:Importing GifImagePlugin
2024-12-24 06:52:25,899 DEBUG:Importing GribStubImagePlugin
2024-12-24 06:52:25,900 DEBUG:Importing Hdf5StubImagePlugin
2024-12-24 06:52:25,900 DEBUG:Importing IcnsImagePlugin
2024-12-24 06:52:25,901 DEBUG:Importing IcoImagePlugin
2024-12-24 06:52:25,901 DEBUG:Importing ImImagePlugin
2024-12-24 06:52:25,902 DEBUG:Importing ImtImagePlugin
2024-12-24 06:52:25,902 DEBUG:Importing IptcImagePlugin
2024-12-24 06:52:25,903 DEBUG:Importing JpegImagePlugin
2024-12-24 06:52:25,903 DEBUG:Importing Jpeg2KImagePlugin
2024-12-24 06:52:25,903 DEBUG:Importing McIdasImagePlugin
2024-12-24 06:52:25,903 DEBUG:Importing MicImagePlugin
2024-12-24 06:52:25,903 DEBUG:Image: failed to import MicImagePlugin: No module named 'olefile'
2024-12-24 06:52:25,903 DEBUG:Importing MpegImagePlugin
2024-12-24 06:52:25,904 DEBUG:Importing MpoImagePlugin
2024-12-24 06:52:25,908 DEBUG:Importing MspImagePlugin
2024-12-24 06:52:25,908 DEBUG:Importing PalmImagePlugin
2024-12-24 06:52:25,909 DEBUG:Importing PcdImagePlugin
2024-12-24 06:52:25,909 DEBUG:Importing PcxImagePlugin
2024-12-24 06:52:25,909 DEBUG:Importing PdfImagePlugin
2024-12-24 06:52:25,913 DEBUG:Importing PixarImagePlugin
2024-12-24 06:52:25,913 DEBUG:Importing PngImagePlugin
2024-12-24 06:52:25,913 DEBUG:Importing PpmImagePlugin
2024-12-24 06:52:25,913 DEBUG:Importing PsdImagePlugin
2024-12-24 06:52:25,913 DEBUG:Importing QoiImagePlugin
2024-12-24 06:52:25,914 DEBUG:Importing SgiImagePlugin
2024-12-24 06:52:25,914 DEBUG:Importing SpiderImagePlugin
2024-12-24 06:52:25,914 DEBUG:Importing SunImagePlugin
2024-12-24 06:52:25,914 DEBUG:Importing TgaImagePlugin
2024-12-24 06:52:25,915 DEBUG:Importing TiffImagePlugin
2024-12-24 06:52:25,915 DEBUG:Importing WebPImagePlugin
2024-12-24 06:52:25,916 DEBUG:Importing WmfImagePlugin
2024-12-24 06:52:25,916 DEBUG:Importing XbmImagePlugin
2024-12-24 06:52:25,916 DEBUG:Importing XpmImagePlugin
2024-12-24 06:52:25,916 DEBUG:Importing XVThumbImagePlugin
2024-12-24 06:52:27,260 INFO:Exiting application via system tray.
2024-12-24 06:52:27,263 INFO:Cleaning up: Terminating OpenHardwareMonitor.exe
2024-12-24 06:52:27,264 ERROR:Error terminating process 39700: (pid=39700)
2024-12-24 06:52:27,264 INFO:Removed lock file.
2024-12-24 07:34:04,453 INFO:Launched C:\Users\anees\AppData\Local\Temp\_MEI393122\OpenHardwareMonitor/OpenHardwareMonitor.exe with PID 37372
2024-12-24 07:34:04,453 DEBUG:Starting new HTTP connection (1): localhost:8085
2024-12-24 07:34:05,983 DEBUG:http://localhost:8085 "GET /data.json HTTP/1.1" 200 12387
2024-12-24 07:34:05,986 DEBUG:Importing BlpImagePlugin
2024-12-24 07:34:05,990 DEBUG:Importing BmpImagePlugin
2024-12-24 07:34:05,990 DEBUG:Importing BufrStubImagePlugin
2024-12-24 07:34:05,990 DEBUG:Importing CurImagePlugin
2024-12-24 07:34:05,990 DEBUG:Importing DcxImagePlugin
2024-12-24 07:34:05,990 DEBUG:Importing DdsImagePlugin
2024-12-24 07:34:05,990 DEBUG:Importing EpsImagePlugin
2024-12-24 07:34:05,993 DEBUG:Importing FitsImagePlugin
2024-12-24 07:34:05,993 DEBUG:Importing FliImagePlugin
2024-12-24 07:34:05,993 DEBUG:Importing FpxImagePlugin
2024-12-24 07:34:05,993 DEBUG:Image: failed to import FpxImagePlugin: No module named 'olefile'
2024-12-24 07:34:05,993 DEBUG:Importing FtexImagePlugin
2024-12-24 07:34:05,993 DEBUG:Importing GbrImagePlugin
2024-12-24 07:34:05,993 DEBUG:Importing GifImagePlugin
2024-12-24 07:34:05,993 DEBUG:Importing GribStubImagePlugin
2024-12-24 07:34:05,993 DEBUG:Importing Hdf5StubImagePlugin
2024-12-24 07:34:05,993 DEBUG:Importing IcnsImagePlugin
2024-12-24 07:34:05,993 DEBUG:Importing IcoImagePlugin
2024-12-24 07:34:05,993 DEBUG:Importing ImImagePlugin
2024-12-24 07:34:05,993 DEBUG:Importing ImtImagePlugin
2024-12-24 07:34:05,996 DEBUG:Importing IptcImagePlugin
2024-12-24 07:34:05,996 DEBUG:Importing JpegImagePlugin
2024-12-24 07:34:05,996 DEBUG:Importing Jpeg2KImagePlugin
2024-12-24 07:34:05,996 DEBUG:Importing McIdasImagePlugin
2024-12-24 07:34:05,996 DEBUG:Importing MicImagePlugin
2024-12-24 07:34:05,996 DEBUG:Image: failed to import MicImagePlugin: No module named 'olefile'
2024-12-24 07:34:05,996 DEBUG:Importing MpegImagePlugin
2024-12-24 07:34:05,996 DEBUG:Importing MpoImagePlugin
2024-12-24 07:34:06,001 DEBUG:Importing MspImagePlugin
2024-12-24 07:34:06,001 DEBUG:Importing PalmImagePlugin
2024-12-24 07:34:06,001 DEBUG:Importing PcdImagePlugin
2024-12-24 07:34:06,001 DEBUG:Importing PcxImagePlugin
2024-12-24 07:34:06,001 DEBUG:Importing PdfImagePlugin
2024-12-24 07:34:06,002 DEBUG:Importing PixarImagePlugin
2024-12-24 07:34:06,002 DEBUG:Importing PngImagePlugin
2024-12-24 07:34:06,002 DEBUG:Importing PpmImagePlugin
2024-12-24 07:34:06,002 DEBUG:Importing PsdImagePlugin
2024-12-24 07:34:06,002 DEBUG:Importing QoiImagePlugin
2024-12-24 07:34:06,002 DEBUG:Importing SgiImagePlugin
2024-12-24 07:34:06,002 DEBUG:Importing SpiderImagePlugin
2024-12-24 07:34:06,002 DEBUG:Importing SunImagePlugin
2024-12-24 07:34:06,002 DEBUG:Importing TgaImagePlugin
2024-12-24 07:34:06,005 DEBUG:Importing TiffImagePlugin
2024-12-24 07:34:06,005 DEBUG:Importing WebPImagePlugin
2024-12-24 07:34:06,005 DEBUG:Importing WmfImagePlugin
2024-12-24 07:34:06,005 DEBUG:Importing XbmImagePlugin
2024-12-24 07:34:06,005 DEBUG:Importing XpmImagePlugin
2024-12-24 07:34:06,005 DEBUG:Importing XVThumbImagePlugin
2024-12-24 07:34:08,496 DEBUG:Starting new HTTP connection (1): localhost:8085
2024-12-24 07:34:08,496 DEBUG:http://localhost:8085 "GET /data.json HTTP/1.1" 200 12387
2024-12-24 07:34:11,014 DEBUG:Starting new HTTP connection (1): localhost:8085
2024-12-24 07:34:11,017 DEBUG:http://localhost:8085 "GET /data.json HTTP/1.1" 200 12389
2024-12-24 07:34:13,517 DEBUG:Starting new HTTP connection (1): localhost:8085
2024-12-24 07:34:13,517 DEBUG:http://localhost:8085 "GET /data.json HTTP/1.1" 200 12386
2024-12-24 07:34:16,028 DEBUG:Starting new HTTP connection (1): localhost:8085
2024-12-24 07:34:16,028 DEBUG:http://localhost:8085 "GET /data.json HTTP/1.1" 200 12387
2024-12-24 07:34:18,541 DEBUG:Starting new HTTP connection (1): localhost:8085
2024-12-24 07:34:18,541 DEBUG:http://localhost:8085 "GET /data.json HTTP/1.1" 200 12386
2024-12-24 07:34:21,051 DEBUG:Starting new HTTP connection (1): localhost:8085
2024-12-24 07:34:21,064 DEBUG:http://localhost:8085 "GET /data.json HTTP/1.1" 200 12385
2024-12-24 07:34:23,574 DEBUG:Starting new HTTP connection (1): localhost:8085
2024-12-24 07:34:23,574 DEBUG:http://localhost:8085 "GET /data.json HTTP/1.1" 200 12383
2024-12-24 07:34:26,077 DEBUG:Starting new HTTP connection (1): localhost:8085
2024-12-24 07:34:26,077 DEBUG:http://localhost:8085 "GET /data.json HTTP/1.1" 200 12384
2024-12-24 07:34:28,581 DEBUG:Starting new HTTP connection (1): localhost:8085
2024-12-24 07:34:28,581 DEBUG:http://localhost:8085 "GET /data.json HTTP/1.1" 200 12388
2024-12-24 07:34:31,086 DEBUG:Starting new HTTP connection (1): localhost:8085
2024-12-24 07:34:31,086 DEBUG:http://localhost:8085 "GET /data.json HTTP/1.1" 200 12387
2024-12-24 07:34:33,595 DEBUG:Starting new HTTP connection (1): localhost:8085
2024-12-24 07:34:33,596 DEBUG:http://localhost:8085 "GET /data.json HTTP/1.1" 200 12387
2024-12-24 07:34:36,101 DEBUG:Starting new HTTP connection (1): localhost:8085
2024-12-24 07:34:36,103 DEBUG:http://localhost:8085 "GET /data.json HTTP/1.1" 200 12385
2024-12-24 07:34:38,617 DEBUG:Starting new HTTP connection (1): localhost:8085
2024-12-24 07:34:38,617 DEBUG:http://localhost:8085 "GET /data.json HTTP/1.1" 200 12385
2024-12-24 07:34:41,124 DEBUG:Starting new HTTP connection (1): localhost:8085
2024-12-24 07:34:41,125 DEBUG:http://localhost:8085 "GET /data.json HTTP/1.1" 200 12385
2024-12-24 07:34:43,628 DEBUG:Starting new HTTP connection (1): localhost:8085
2024-12-24 07:34:43,630 DEBUG:http://localhost:8085 "GET /data.json HTTP/1.1" 200 12385
2024-12-24 07:34:46,138 DEBUG:Starting new HTTP connection (1): localhost:8085
2024-12-24 07:34:46,140 DEBUG:http://localhost:8085 "GET /data.json HTTP/1.1" 200 12386
2024-12-24 07:34:48,641 DEBUG:Starting new HTTP connection (1): localhost:8085
2024-12-24 07:34:48,642 DEBUG:http://localhost:8085 "GET /data.json HTTP/1.1" 200 12386
2024-12-24 07:34:51,157 DEBUG:Starting new HTTP connection (1): localhost:8085
2024-12-24 07:34:51,159 DEBUG:http://localhost:8085 "GET /data.json HTTP/1.1" 200 12385
2024-12-24 07:34:53,663 DEBUG:Starting new HTTP connection (1): localhost:8085
2024-12-24 07:34:53,664 DEBUG:http://localhost:8085 "GET /data.json HTTP/1.1" 200 12385
2024-12-24 07:34:56,170 DEBUG:Starting new HTTP connection (1): localhost:8085
2024-12-24 07:34:56,171 DEBUG:http://localhost:8085 "GET /data.json HTTP/1.1" 200 12384
2024-12-24 07:34:58,679 DEBUG:Starting new HTTP connection (1): localhost:8085
2024-12-24 07:34:58,694 DEBUG:http://localhost:8085 "GET /data.json HTTP/1.1" 200 12386
2024-12-24 07:35:01,208 DEBUG:Starting new HTTP connection (1): localhost:8085
2024-12-24 07:35:01,209 DEBUG:http://localhost:8085 "GET /data.json HTTP/1.1" 200 12383
2024-12-24 07:35:03,719 DEBUG:Starting new HTTP connection (1): localhost:8085
2024-12-24 07:35:03,721 DEBUG:http://localhost:8085 "GET /data.json HTTP/1.1" 200 12384
2024-12-24 07:35:06,222 DEBUG:Starting new HTTP connection (1): localhost:8085
2024-12-24 07:35:06,223 DEBUG:http://localhost:8085 "GET /data.json HTTP/1.1" 200 12385
2024-12-24 07:35:08,731 DEBUG:Starting new HTTP connection (1): localhost:8085
2024-12-24 07:35:08,732 DEBUG:http://localhost:8085 "GET /data.json HTTP/1.1" 200 12385
2024-12-24 07:35:11,242 DEBUG:Starting new HTTP connection (1): localhost:8085
2024-12-24 07:35:11,258 DEBUG:http://localhost:8085 "GET /data.json HTTP/1.1" 200 12383
2024-12-24 07:35:13,773 DEBUG:Starting new HTTP connection (1): localhost:8085
2024-12-24 07:35:13,774 DEBUG:http://localhost:8085 "GET /data.json HTTP/1.1" 200 12386
2024-12-24 07:35:16,275 DEBUG:Starting new HTTP connection (1): localhost:8085
2024-12-24 07:35:16,290 DEBUG:http://localhost:8085 "GET /data.json HTTP/1.1" 200 12385
2024-12-24 07:35:18,794 DEBUG:Starting new HTTP connection (1): localhost:8085
2024-12-24 07:35:18,795 DEBUG:http://localhost:8085 "GET /data.json HTTP/1.1" 200 12385
2024-12-24 07:35:21,303 DEBUG:Starting new HTTP connection (1): localhost:8085
2024-12-24 07:35:21,305 DEBUG:http://localhost:8085 "GET /data.json HTTP/1.1" 200 12387
2024-12-24 07:35:23,814 DEBUG:Starting new HTTP connection (1): localhost:8085
2024-12-24 07:35:23,830 DEBUG:http://localhost:8085 "GET /data.json HTTP/1.1" 200 12387
2024-12-24 07:35:26,333 DEBUG:Starting new HTTP connection (1): localhost:8085
2024-12-24 07:35:26,334 DEBUG:http://localhost:8085 "GET /data.json HTTP/1.1" 200 12387
2024-12-24 07:35:28,841 DEBUG:Starting new HTTP connection (1): localhost:8085
2024-12-24 07:35:28,842 DEBUG:http://localhost:8085 "GET /data.json HTTP/1.1" 200 12385
2024-12-24 07:35:31,347 DEBUG:Starting new HTTP connection (1): localhost:8085
2024-12-24 07:35:31,348 DEBUG:http://localhost:8085 "GET /data.json HTTP/1.1" 200 12387
2024-12-24 07:35:33,853 DEBUG:Starting new HTTP connection (1): localhost:8085
2024-12-24 07:35:33,854 DEBUG:http://localhost:8085 "GET /data.json HTTP/1.1" 200 12387
2024-12-24 07:35:36,362 DEBUG:Starting new HTTP connection (1): localhost:8085
2024-12-24 07:35:36,377 DEBUG:http://localhost:8085 "GET /data.json HTTP/1.1" 200 12385
2024-12-24 07:35:38,892 DEBUG:Starting new HTTP connection (1): localhost:8085
2024-12-24 07:35:38,893 DEBUG:http://localhost:8085 "GET /data.json HTTP/1.1" 200 12387
2024-12-24 07:35:41,404 DEBUG:Starting new HTTP connection (1): localhost:8085
2024-12-24 07:35:41,420 DEBUG:http://localhost:8085 "GET /data.json HTTP/1.1" 200 12388
2024-12-24 07:35:43,927 DEBUG:Starting new HTTP connection (1): localhost:8085
2024-12-24 07:35:43,928 DEBUG:http://localhost:8085 "GET /data.json HTTP/1.1" 200 12385
2024-12-24 07:35:46,438 DEBUG:Starting new HTTP connection (1): localhost:8085
2024-12-24 07:35:46,453 DEBUG:http://localhost:8085 "GET /data.json HTTP/1.1" 200 12387
2024-12-24 07:35:48,964 DEBUG:Starting new HTTP connection (1): localhost:8085
2024-12-24 07:35:48,980 DEBUG:http://localhost:8085 "GET /data.json HTTP/1.1" 200 12388
2024-12-24 07:35:51,483 DEBUG:Starting new HTTP connection (1): localhost:8085
2024-12-24 07:35:51,484 DEBUG:http://localhost:8085 "GET /data.json HTTP/1.1" 200 12387
2024-12-24 07:35:53,992 DEBUG:Starting new HTTP connection (1): localhost:8085
2024-12-24 07:35:53,993 DEBUG:http://localhost:8085 "GET /data.json HTTP/1.1" 200 12388
2024-12-24 07:35:56,499 DEBUG:Starting new HTTP connection (1): localhost:8085
2024-12-24 07:35:56,500 DEBUG:http://localhost:8085 "GET /data.json HTTP/1.1" 200 12388
2024-12-24 07:35:59,014 DEBUG:Starting new HTTP connection (1): localhost:8085
2024-12-24 07:35:59,015 DEBUG:http://localhost:8085 "GET /data.json HTTP/1.1" 200 12386
2024-12-24 07:36:01,525 DEBUG:Starting new HTTP connection (1): localhost:8085
2024-12-24 07:36:01,526 DEBUG:http://localhost:8085 "GET /data.json HTTP/1.1" 200 12386
2024-12-24 07:36:04,032 DEBUG:Starting new HTTP connection (1): localhost:8085
2024-12-24 07:36:04,047 DEBUG:http://localhost:8085 "GET /data.json HTTP/1.1" 200 12386
2024-12-24 07:36:06,560 DEBUG:Starting new HTTP connection (1): localhost:8085
2024-12-24 07:36:06,576 DEBUG:http://localhost:8085 "GET /data.json HTTP/1.1" 200 12383
2024-12-24 07:36:09,079 DEBUG:Starting new HTTP connection (1): localhost:8085
2024-12-24 07:36:09,080 DEBUG:http://localhost:8085 "GET /data.json HTTP/1.1" 200 12388
2024-12-24 07:36:11,595 DEBUG:Starting new HTTP connection (1): localhost:8085
2024-12-24 07:36:11,596 DEBUG:http://localhost:8085 "GET /data.json HTTP/1.1" 200 12388
2024-12-24 07:36:14,107 DEBUG:Starting new HTTP connection (1): localhost:8085
2024-12-24 07:36:14,108 DEBUG:http://localhost:8085 "GET /data.json HTTP/1.1" 200 12384
2024-12-24 07:36:16,621 DEBUG:Starting new HTTP connection (1): localhost:8085
2024-12-24 07:36:16,622 DEBUG:http://localhost:8085 "GET /data.json HTTP/1.1" 200 12385
2024-12-24 07:36:19,126 DEBUG:Starting new HTTP connection (1): localhost:8085
2024-12-24 07:36:19,141 DEBUG:http://localhost:8085 "GET /data.json HTTP/1.1" 200 12386
2024-12-24 07:36:21,650 DEBUG:Starting new HTTP connection (1): localhost:8085
2024-12-24 07:36:21,651 DEBUG:http://localhost:8085 "GET /data.json HTTP/1.1" 200 12384
2024-12-24 07:36:24,157 DEBUG:Starting new HTTP connection (1): localhost:8085
2024-12-24 07:36:24,159 DEBUG:http://localhost:8085 "GET /data.json HTTP/1.1" 200 12386
2024-12-24 07:36:26,668 DEBUG:Starting new HTTP connection (1): localhost:8085
2024-12-24 07:36:26,669 DEBUG:http://localhost:8085 "GET /data.json HTTP/1.1" 200 12384
2024-12-24 07:36:29,170 DEBUG:Starting new HTTP connection (1): localhost:8085
2024-12-24 07:36:29,172 DEBUG:http://localhost:8085 "GET /data.json HTTP/1.1" 200 12388
2024-12-24 07:36:31,677 DEBUG:Starting new HTTP connection (1): localhost:8085
2024-12-24 07:36:31,678 DEBUG:http://localhost:8085 "GET /data.json HTTP/1.1" 200 12386
2024-12-24 07:36:34,188 DEBUG:Starting new HTTP connection (1): localhost:8085
2024-12-24 07:36:34,189 DEBUG:http://localhost:8085 "GET /data.json HTTP/1.1" 200 12384
2024-12-24 07:36:36,701 DEBUG:Starting new HTTP connection (1): localhost:8085
2024-12-24 07:36:36,715 DEBUG:http://localhost:8085 "GET /data.json HTTP/1.1" 200 12386
2024-12-24 07:36:39,226 DEBUG:Starting new HTTP connection (1): localhost:8085
2024-12-24 07:36:39,228 DEBUG:http://localhost:8085 "GET /data.json HTTP/1.1" 200 12385
2024-12-24 07:36:41,742 DEBUG:Starting new HTTP connection (1): localhost:8085
2024-12-24 07:36:41,743 DEBUG:http://localhost:8085 "GET /data.json HTTP/1.1" 200 12388
2024-12-24 07:36:44,250 DEBUG:Starting new HTTP connection (1): localhost:8085
2024-12-24 07:36:44,251 DEBUG:http://localhost:8085 "GET /data.json HTTP/1.1" 200 12388
2024-12-24 07:36:46,765 DEBUG:Starting new HTTP connection (1): localhost:8085
2024-12-24 07:36:46,765 DEBUG:http://localhost:8085 "GET /data.json HTTP/1.1" 200 12387
2024-12-24 07:36:49,272 DEBUG:Starting new HTTP connection (1): localhost:8085
2024-12-24 07:36:49,272 DEBUG:http://localhost:8085 "GET /data.json HTTP/1.1" 200 12389
2024-12-24 07:36:51,779 DEBUG:Starting new HTTP connection (1): localhost:8085
2024-12-24 07:36:51,781 DEBUG:http://localhost:8085 "GET /data.json HTTP/1.1" 200 12385
2024-12-24 07:36:54,283 DEBUG:Starting new HTTP connection (1): localhost:8085
2024-12-24 07:36:54,299 DEBUG:http://localhost:8085 "GET /data.json HTTP/1.1" 200 12385
2024-12-24 07:36:56,809 DEBUG:Starting new HTTP connection (1): localhost:8085
2024-12-24 07:36:56,825 DEBUG:http://localhost:8085 "GET /data.json HTTP/1.1" 200 12388
2024-12-24 07:36:59,329 DEBUG:Starting new HTTP connection (1): localhost:8085
2024-12-24 07:36:59,330 DEBUG:http://localhost:8085 "GET /data.json HTTP/1.1" 200 12386
2024-12-24 07:37:01,836 DEBUG:Starting new HTTP connection (1): localhost:8085
2024-12-24 07:37:01,836 DEBUG:http://localhost:8085 "GET /data.json HTTP/1.1" 200 12386
2024-12-24 07:37:04,344 DEBUG:Starting new HTTP connection (1): localhost:8085
2024-12-24 07:37:04,344 DEBUG:http://localhost:8085 "GET /data.json HTTP/1.1" 200 12387
2024-12-24 07:37:06,853 DEBUG:Starting new HTTP connection (1): localhost:8085
2024-12-24 07:37:06,853 DEBUG:http://localhost:8085 "GET /data.json HTTP/1.1" 200 12387
2024-12-24 07:37:09,359 DEBUG:Starting new HTTP connection (1): localhost:8085
2024-12-24 07:37:09,360 DEBUG:http://localhost:8085 "GET /data.json HTTP/1.1" 200 12387
2024-12-24 07:37:11,870 DEBUG:Starting new HTTP connection (1): localhost:8085
2024-12-24 07:37:11,884 DEBUG:http://localhost:8085 "GET /data.json HTTP/1.1" 200 12386
2024-12-24 07:37:14,393 DEBUG:Starting new HTTP connection (1): localhost:8085
2024-12-24 07:37:14,407 DEBUG:http://localhost:8085 "GET /data.json HTTP/1.1" 200 12387
2024-12-24 07:37:16,920 DEBUG:Starting new HTTP connection (1): localhost:8085
2024-12-24 07:37:16,922 DEBUG:http://localhost:8085 "GET /data.json HTTP/1.1" 200 12386
2024-12-24 07:37:19,430 DEBUG:Starting new HTTP connection (1): localhost:8085
2024-12-24 07:37:19,431 DEBUG:http://localhost:8085 "GET /data.json HTTP/1.1" 200 12388
2024-12-24 07:37:21,941 DEBUG:Starting new HTTP connection (1): localhost:8085
2024-12-24 07:37:21,943 DEBUG:http://localhost:8085 "GET /data.json HTTP/1.1" 200 12387
2024-12-24 07:37:24,453 DEBUG:Starting new HTTP connection (1): localhost:8085
2024-12-24 07:37:24,454 DEBUG:http://localhost:8085 "GET /data.json HTTP/1.1" 200 12386
2024-12-24 07:37:26,964 DEBUG:Starting new HTTP connection (1): localhost:8085
2024-12-24 07:37:26,965 DEBUG:http://localhost:8085 "GET /data.json HTTP/1.1" 200 12386
2024-12-24 07:37:29,468 DEBUG:Starting new HTTP connection (1): localhost:8085
2024-12-24 07:37:29,469 DEBUG:http://localhost:8085 "GET /data.json HTTP/1.1" 200 12388
2024-12-24 07:37:31,976 DEBUG:Starting new HTTP connection (1): localhost:8085
2024-12-24 07:37:31,977 DEBUG:http://localhost:8085 "GET /data.json HTTP/1.1" 200 12387
2024-12-24 07:37:34,483 DEBUG:Starting new HTTP connection (1): localhost:8085
2024-12-24 07:37:34,484 DEBUG:http://localhost:8085 "GET /data.json HTTP/1.1" 200 12385
2024-12-24 07:37:36,996 DEBUG:Starting new HTTP connection (1): localhost:8085
2024-12-24 07:37:37,010 DEBUG:http://localhost:8085 "GET /data.json HTTP/1.1" 200 12387
2024-12-24 07:37:39,520 DEBUG:Starting new HTTP connection (1): localhost:8085
2024-12-24 07:37:39,521 DEBUG:http://localhost:8085 "GET /data.json HTTP/1.1" 200 12387
2024-12-24 07:37:42,035 DEBUG:Starting new HTTP connection (1): localhost:8085
2024-12-24 07:37:42,050 DEBUG:http://localhost:8085 "GET /data.json HTTP/1.1" 200 12387
2024-12-24 07:37:44,555 DEBUG:Starting new HTTP connection (1): localhost:8085
2024-12-24 07:37:44,557 DEBUG:http://localhost:8085 "GET /data.json HTTP/1.1" 200 12388
2024-12-24 07:37:47,067 DEBUG:Starting new HTTP connection (1): localhost:8085
2024-12-24 07:37:47,068 DEBUG:http://localhost:8085 "GET /data.json HTTP/1.1" 200 12385
2024-12-24 07:37:49,580 DEBUG:Starting new HTTP connection (1): localhost:8085
2024-12-24 07:37:49,581 DEBUG:http://localhost:8085 "GET /data.json HTTP/1.1" 200 12387
2024-12-24 07:37:52,089 DEBUG:Starting new HTTP connection (1): localhost:8085
2024-12-24 07:37:52,090 DEBUG:http://localhost:8085 "GET /data.json HTTP/1.1" 200 12385
2024-12-24 07:37:54,598 DEBUG:Starting new HTTP connection (1): localhost:8085
2024-12-24 07:37:54,599 DEBUG:http://localhost:8085 "GET /data.json HTTP/1.1" 200 12387
2024-12-24 07:37:57,107 DEBUG:Starting new HTTP connection (1): localhost:8085
2024-12-24 07:37:57,123 DEBUG:http://localhost:8085 "GET /data.json HTTP/1.1" 200 12388
2024-12-24 07:37:59,628 DEBUG:Starting new HTTP connection (1): localhost:8085
2024-12-24 07:37:59,629 DEBUG:http://localhost:8085 "GET /data.json HTTP/1.1" 200 12386
2024-12-24 07:38:02,130 DEBUG:Starting new HTTP connection (1): localhost:8085
2024-12-24 07:38:02,131 DEBUG:http://localhost:8085 "GET /data.json HTTP/1.1" 200 12387
2024-12-24 07:38:04,634 DEBUG:Starting new HTTP connection (1): localhost:8085
2024-12-24 07:38:04,635 DEBUG:http://localhost:8085 "GET /data.json HTTP/1.1" 200 12386
2024-12-24 07:38:07,140 DEBUG:Starting new HTTP connection (1): localhost:8085
2024-12-24 07:38:07,141 DEBUG:http://localhost:8085 "GET /data.json HTTP/1.1" 200 12386
2024-12-24 07:38:09,657 DEBUG:Starting new HTTP connection (1): localhost:8085
2024-12-24 07:38:09,671 DEBUG:http://localhost:8085 "GET /data.json HTTP/1.1" 200 12387
2024-12-24 07:38:12,177 DEBUG:Starting new HTTP connection (1): localhost:8085
2024-12-24 07:38:12,178 DEBUG:http://localhost:8085 "GET /data.json HTTP/1.1" 200 12386
2024-12-24 07:38:14,690 DEBUG:Starting new HTTP connection (1): localhost:8085
2024-12-24 07:38:14,691 DEBUG:http://localhost:8085 "GET /data.json HTTP/1.1" 200 12386
2024-12-24 07:38:17,199 DEBUG:Starting new HTTP connection (1): localhost:8085
2024-12-24 07:38:17,200 DEBUG:http://localhost:8085 "GET /data.json HTTP/1.1" 200 12386
2024-12-24 07:38:19,707 DEBUG:Starting new HTTP connection (1): localhost:8085
2024-12-24 07:38:19,723 DEBUG:http://localhost:8085 "GET /data.json HTTP/1.1" 200 12388
2024-12-24 07:38:22,232 DEBUG:Starting new HTTP connection (1): localhost:8085
2024-12-24 07:38:22,233 DEBUG:http://localhost:8085 "GET /data.json HTTP/1.1" 200 12387
2024-12-24 07:38:24,747 DEBUG:Starting new HTTP connection (1): localhost:8085
2024-12-24 07:38:24,762 DEBUG:http://localhost:8085 "GET /data.json HTTP/1.1" 200 12386
2024-12-24 07:38:27,270 DEBUG:Starting new HTTP connection (1): localhost:8085
2024-12-24 07:38:27,271 DEBUG:http://localhost:8085 "GET /data.json HTTP/1.1" 200 12386
2024-12-24 07:38:29,781 DEBUG:Starting new HTTP connection (1): localhost:8085
2024-12-24 07:38:29,796 DEBUG:http://localhost:8085 "GET /data.json HTTP/1.1" 200 12386
2024-12-24 07:38:32,301 DEBUG:Starting new HTTP connection (1): localhost:8085
2024-12-24 07:38:32,303 DEBUG:http://localhost:8085 "GET /data.json HTTP/1.1" 200 12387
2024-12-24 07:38:34,813 DEBUG:Starting new HTTP connection (1): localhost:8085
2024-12-24 07:38:34,814 DEBUG:http://localhost:8085 "GET /data.json HTTP/1.1" 200 12387
2024-12-24 07:38:37,323 DEBUG:Starting new HTTP connection (1): localhost:8085
2024-12-24 07:38:37,324 DEBUG:http://localhost:8085 "GET /data.json HTTP/1.1" 200 12385
2024-12-24 07:38:39,839 DEBUG:Starting new HTTP connection (1): localhost:8085
2024-12-24 07:38:39,840 DEBUG:http://localhost:8085 "GET /data.json HTTP/1.1" 200 12384
2024-12-24 07:38:42,346 DEBUG:Starting new HTTP connection (1): localhost:8085
2024-12-24 07:38:42,347 DEBUG:http://localhost:8085 "GET /data.json HTTP/1.1" 200 12385
2024-12-24 07:38:44,855 DEBUG:Starting new HTTP connection (1): localhost:8085
2024-12-24 07:38:44,856 DEBUG:http://localhost:8085 "GET /data.json HTTP/1.1" 200 12389
2024-12-24 07:38:47,360 DEBUG:Starting new HTTP connection (1): localhost:8085
2024-12-24 07:38:47,376 DEBUG:http://localhost:8085 "GET /data.json HTTP/1.1" 200 12385
2024-12-24 07:38:49,879 DEBUG:Starting new HTTP connection (1): localhost:8085
2024-12-24 07:38:49,894 DEBUG:http://localhost:8085 "GET /data.json HTTP/1.1" 200 12387
2024-12-24 07:38:52,409 DEBUG:Starting new HTTP connection (1): localhost:8085
2024-12-24 07:38:52,411 DEBUG:http://localhost:8085 "GET /data.json HTTP/1.1" 200 12383
2024-12-24 07:38:54,926 DEBUG:Starting new HTTP connection (1): localhost:8085
2024-12-24 07:38:54,927 DEBUG:http://localhost:8085 "GET /data.json HTTP/1.1" 200 12388
2024-12-24 07:38:57,442 DEBUG:Starting new HTTP connection (1): localhost:8085
2024-12-24 07:38:57,458 DEBUG:http://localhost:8085 "GET /data.json HTTP/1.1" 200 12387
2024-12-24 07:38:59,967 DEBUG:Starting new HTTP connection (1): localhost:8085
2024-12-24 07:38:59,968 DEBUG:http://localhost:8085 "GET /data.json HTTP/1.1" 200 12387
2024-12-24 07:39:02,478 DEBUG:Starting new HTTP connection (1): localhost:8085
2024-12-24 07:39:02,480 DEBUG:http://localhost:8085 "GET /data.json HTTP/1.1" 200 12385
2024-12-24 07:39:04,989 DEBUG:Starting new HTTP connection (1): localhost:8085
2024-12-24 07:39:04,990 DEBUG:http://localhost:8085 "GET /data.json HTTP/1.1" 200 12386
2024-12-24 07:39:07,496 DEBUG:Starting new HTTP connection (1): localhost:8085
2024-12-24 07:39:07,497 DEBUG:http://localhost:8085 "GET /data.json HTTP/1.1" 200 12386
2024-12-24 07:39:10,002 DEBUG:Starting new HTTP connection (1): localhost:8085
2024-12-24 07:39:10,005 DEBUG:http://localhost:8085 "GET /data.json HTTP/1.1" 200 12386
2024-12-24 07:39:12,516 DEBUG:Starting new HTTP connection (1): localhost:8085
2024-12-24 07:39:12,517 DEBUG:http://localhost:8085 "GET /data.json HTTP/1.1" 200 12385
2024-12-24 07:39:15,031 DEBUG:Starting new HTTP connection (1): localhost:8085
2024-12-24 07:39:15,046 DEBUG:http://localhost:8085 "GET /data.json HTTP/1.1" 200 12386
2024-12-24 07:39:17,559 DEBUG:Starting new HTTP connection (1): localhost:8085
2024-12-24 07:39:17,561 DEBUG:http://localhost:8085 "GET /data.json HTTP/1.1" 200 12386
2024-12-24 07:39:20,069 DEBUG:Starting new HTTP connection (1): localhost:8085
2024-12-24 07:39:20,070 DEBUG:http://localhost:8085 "GET /data.json HTTP/1.1" 200 12386
2024-12-24 07:39:22,576 DEBUG:Starting new HTTP connection (1): localhost:8085
2024-12-24 07:39:22,578 DEBUG:http://localhost:8085 "GET /data.json HTTP/1.1" 200 12386
2024-12-24 07:39:25,083 DEBUG:Starting new HTTP connection (1): localhost:8085
2024-12-24 07:39:25,084 DEBUG:http://localhost:8085 "GET /data.json HTTP/1.1" 200 12386
